<?xml version="1.0" encoding="UTF-8"?>
<!-- Generated by org.testng.reporters.JUnitReportReporter -->
<testsuite hostname="THBSLAPTOP-452" name="Cucumber.CucumberTutorial.AppTest" tests="1" failures="0" timestamp="6 Jun 2019 11:55:36 GMT" time="0.003" errors="0">
  <testcase name="testApp" time="0.003" classname="Cucumber.CucumberTutorial.AppTest"/>
</testsuite> <!-- Cucumber.CucumberTutorial.AppTest -->
